<?xml version="1.0" encoding="utf-8"?>
<CoverageSession xmlns:xsd="http://www.w3.org/2001/XMLSchema" xmlns:xsi="http://www.w3.org/2001/XMLSchema-instance">
  <Summary numSequencePoints="170" visitedSequencePoints="126" numBranchPoints="51" visitedBranchPoints="34" sequenceCoverage="74.12" branchCoverage="66.67" maxCyclomaticComplexity="9" minCyclomaticComplexity="1" visitedClasses="6" numClasses="7" visitedMethods="25" numMethods="33" />
  <Modules>
    <Module skippedDueTo="Filter" hash="A9-EF-73-84-8C-97-3B-B2-35-CF-29-69-7A-CF-A3-88-79-37-73-29">
      <ModulePath>C:\WINDOWS\Microsoft.Net\assembly\GAC_32\mscorlib\v4.0_4.0.0.0__b77a5c561934e089\mscorlib.dll</ModulePath>
      <ModuleTime>2018-04-27T02:15:19.5129656Z</ModuleTime>
      <ModuleName>mscorlib</ModuleName>
      <Classes />
    </Module>
    <Module hash="81-18-03-2C-C7-2F-79-35-51-8C-29-43-20-F8-C4-E9-93-5E-80-4B">
      <Summary numSequencePoints="112" visitedSequencePoints="84" numBranchPoints="29" visitedBranchPoints="19" sequenceCoverage="75" branchCoverage="65.52" maxCyclomaticComplexity="9" minCyclomaticComplexity="1" visitedClasses="4" numClasses="4" visitedMethods="10" numMethods="11" />
      <ModulePath>C:\Users\Nikola\source\repos\RES_Projekat_12-49_v2\DataProxyRES\DataProxyTest\bin\Debug\server.exe</ModulePath>
      <ModuleTime>2018-06-07T13:01:53.6617925Z</ModuleTime>
      <ModuleName>Server</ModuleName>
      <Files>
        <File uid="1" fullPath="C:\Users\Nikola\source\repos\RES_Projekat_12-49_v2\DataProxyRES\Server\DataAccess.cs" />
        <File uid="2" fullPath="C:\Users\Nikola\source\repos\RES_Projekat_12-49_v2\DataProxyRES\Server\DataProxy.cs" />
        <File uid="3" fullPath="C:\Users\Nikola\source\repos\RES_Projekat_12-49_v2\DataProxyRES\Server\FileReader.cs" />
        <File uid="4" fullPath="C:\Users\Nikola\source\repos\RES_Projekat_12-49_v2\DataProxyRES\Server\Program.cs" />
      </Files>
      <Classes>
        <Class>
          <Summary numSequencePoints="0" visitedSequencePoints="0" numBranchPoints="0" visitedBranchPoints="0" sequenceCoverage="0" branchCoverage="0" maxCyclomaticComplexity="0" minCyclomaticComplexity="0" visitedClasses="0" numClasses="0" visitedMethods="0" numMethods="0" />
          <FullName>&lt;Module&gt;</FullName>
          <Methods />
        </Class>
        <Class>
          <Summary numSequencePoints="45" visitedSequencePoints="25" numBranchPoints="10" visitedBranchPoints="4" sequenceCoverage="55.56" branchCoverage="40" maxCyclomaticComplexity="6" minCyclomaticComplexity="1" visitedClasses="1" numClasses="1" visitedMethods="2" numMethods="2" />
          <FullName>Server.DataAccess</FullName>
          <Methods>
            <Method visited="true" cyclomaticComplexity="1" nPathComplexity="0" sequenceCoverage="100" branchCoverage="100" isConstructor="false" isStatic="false" isGetter="false" isSetter="false">
              <Summary numSequencePoints="5" visitedSequencePoints="5" numBranchPoints="1" visitedBranchPoints="1" sequenceCoverage="100" branchCoverage="100" maxCyclomaticComplexity="1" minCyclomaticComplexity="1" visitedClasses="0" numClasses="0" visitedMethods="1" numMethods="1" />
              <MetadataToken>100663297</MetadataToken>
              <Name>System.Collections.Generic.List`1&lt;Common.Entry&gt; Server.DataAccess::readFromDB(System.DateTime,System.DateTime)</Name>
              <FileRef uid="1" />
              <SequencePoints>
                <SequencePoint vc="1" uspid="1" ordinal="0" offset="20" sl="15" sc="9" el="15" ec="10" bec="0" bev="0" fileid="1" />
                <SequencePoint vc="1" uspid="2" ordinal="1" offset="21" sl="16" sc="13" el="16" ec="52" bec="0" bev="0" fileid="1" />
                <SequencePoint vc="1" uspid="3" ordinal="2" offset="27" sl="18" sc="13" el="21" ec="27" bec="0" bev="0" fileid="1" />
                <SequencePoint vc="1" uspid="4" ordinal="3" offset="411" sl="24" sc="13" el="24" ec="25" bec="0" bev="0" fileid="1" />
                <SequencePoint vc="1" uspid="5" ordinal="4" offset="416" sl="25" sc="9" el="25" ec="10" bec="0" bev="0" fileid="1" />
              </SequencePoints>
              <BranchPoints />
              <MethodPoint vc="1" uspid="6" ordinal="0" offset="0" />
            </Method>
            <Method visited="true" cyclomaticComplexity="6" nPathComplexity="16" sequenceCoverage="50" branchCoverage="33.33" isConstructor="false" isStatic="false" isGetter="false" isSetter="false">
              <Summary numSequencePoints="40" visitedSequencePoints="20" numBranchPoints="9" visitedBranchPoints="3" sequenceCoverage="50" branchCoverage="33.33" maxCyclomaticComplexity="6" minCyclomaticComplexity="6" visitedClasses="0" numClasses="0" visitedMethods="1" numMethods="1" />
              <MetadataToken>100663298</MetadataToken>
              <Name>System.Void Server.DataAccess::writeToDB()</Name>
              <FileRef uid="1" />
              <SequencePoints>
                <SequencePoint vc="1" uspid="7" ordinal="0" offset="0" sl="28" sc="9" el="28" ec="10" bec="0" bev="0" fileid="1" />
                <SequencePoint vc="1" uspid="8" ordinal="1" offset="1" sl="29" sc="13" el="29" ec="39" bec="0" bev="0" fileid="1" />
                <SequencePoint vc="1" uspid="9" ordinal="2" offset="7" sl="30" sc="13" el="30" ec="52" bec="0" bev="0" fileid="1" />
                <SequencePoint vc="1" uspid="10" ordinal="3" offset="13" sl="31" sc="13" el="31" ec="42" bec="0" bev="0" fileid="1" />
                <SequencePoint vc="1" uspid="11" ordinal="4" offset="20" sl="33" sc="13" el="33" ec="20" bec="0" bev="0" fileid="1" />
                <SequencePoint vc="1" uspid="12" ordinal="5" offset="21" sl="33" sc="35" el="33" ec="39" bec="0" bev="0" fileid="1" />
                <SequencePoint vc="23" uspid="13" ordinal="6" offset="40" sl="33" sc="22" el="33" ec="31" bec="0" bev="0" fileid="1" />
                <SequencePoint vc="23" uspid="14" ordinal="7" offset="54" sl="34" sc="13" el="34" ec="14" bec="0" bev="0" fileid="1" />
                <SequencePoint vc="23" uspid="15" ordinal="8" offset="55" sl="35" sc="17" el="35" ec="63" bec="2" bev="1" fileid="1" />
                <SequencePoint vc="0" uspid="16" ordinal="9" offset="90" sl="36" sc="17" el="36" ec="18" bec="0" bev="0" fileid="1" />
                <SequencePoint vc="0" uspid="17" ordinal="10" offset="91" sl="37" sc="21" el="39" ec="34" bec="0" bev="0" fileid="1" />
                <SequencePoint vc="0" uspid="18" ordinal="11" offset="226" sl="41" sc="21" el="41" ec="37" bec="2" bev="0" fileid="1" />
                <SequencePoint vc="0" uspid="19" ordinal="12" offset="237" sl="42" sc="21" el="42" ec="22" bec="0" bev="0" fileid="1" />
                <SequencePoint vc="0" uspid="20" ordinal="13" offset="238" sl="43" sc="25" el="43" ec="71" bec="0" bev="0" fileid="1" />
                <SequencePoint vc="0" uspid="21" ordinal="14" offset="245" sl="45" sc="25" el="45" ec="48" bec="2" bev="0" fileid="1" />
                <SequencePoint vc="0" uspid="22" ordinal="15" offset="261" sl="46" sc="25" el="46" ec="26" bec="0" bev="0" fileid="1" />
                <SequencePoint vc="0" uspid="23" ordinal="16" offset="262" sl="47" sc="29" el="47" ec="90" bec="0" bev="0" fileid="1" />
                <SequencePoint vc="0" uspid="24" ordinal="17" offset="292" sl="48" sc="25" el="48" ec="26" bec="0" bev="0" fileid="1" />
                <SequencePoint vc="0" uspid="25" ordinal="18" offset="295" sl="50" sc="25" el="50" ec="26" bec="0" bev="0" fileid="1" />
                <SequencePoint vc="0" uspid="26" ordinal="19" offset="296" sl="51" sc="29" el="51" ec="91" bec="0" bev="0" fileid="1" />
                <SequencePoint vc="0" uspid="27" ordinal="20" offset="326" sl="52" sc="25" el="52" ec="26" bec="0" bev="0" fileid="1" />
                <SequencePoint vc="0" uspid="28" ordinal="21" offset="327" sl="53" sc="21" el="53" ec="22" bec="0" bev="0" fileid="1" />
                <SequencePoint vc="0" uspid="29" ordinal="22" offset="330" sl="55" sc="21" el="55" ec="22" bec="0" bev="0" fileid="1" />
                <SequencePoint vc="0" uspid="30" ordinal="23" offset="331" sl="56" sc="25" el="56" ec="52" bec="0" bev="0" fileid="1" />
                <SequencePoint vc="0" uspid="31" ordinal="24" offset="350" sl="57" sc="21" el="57" ec="22" bec="0" bev="0" fileid="1" />
                <SequencePoint vc="0" uspid="32" ordinal="25" offset="351" sl="58" sc="17" el="58" ec="18" bec="0" bev="0" fileid="1" />
                <SequencePoint vc="23" uspid="33" ordinal="26" offset="354" sl="60" sc="17" el="60" ec="18" bec="0" bev="0" fileid="1" />
                <SequencePoint vc="23" uspid="34" ordinal="27" offset="355" sl="61" sc="21" el="61" ec="69" bec="0" bev="0" fileid="1" />
                <SequencePoint vc="23" uspid="35" ordinal="28" offset="362" sl="63" sc="21" el="63" ec="44" bec="2" bev="1" fileid="1" />
                <SequencePoint vc="0" uspid="36" ordinal="29" offset="378" sl="64" sc="21" el="64" ec="22" bec="0" bev="0" fileid="1" />
                <SequencePoint vc="0" uspid="37" ordinal="30" offset="379" sl="65" sc="25" el="65" ec="67" bec="0" bev="0" fileid="1" />
                <SequencePoint vc="0" uspid="38" ordinal="31" offset="399" sl="66" sc="21" el="66" ec="22" bec="0" bev="0" fileid="1" />
                <SequencePoint vc="23" uspid="39" ordinal="32" offset="402" sl="68" sc="21" el="68" ec="22" bec="0" bev="0" fileid="1" />
                <SequencePoint vc="23" uspid="40" ordinal="33" offset="403" sl="69" sc="25" el="69" ec="68" bec="0" bev="0" fileid="1" />
                <SequencePoint vc="23" uspid="41" ordinal="34" offset="423" sl="70" sc="21" el="70" ec="22" bec="0" bev="0" fileid="1" />
                <SequencePoint vc="23" uspid="42" ordinal="35" offset="424" sl="71" sc="17" el="71" ec="18" bec="0" bev="0" fileid="1" />
                <SequencePoint vc="23" uspid="43" ordinal="36" offset="425" sl="72" sc="13" el="72" ec="14" bec="0" bev="0" fileid="1" />
                <SequencePoint vc="24" uspid="44" ordinal="37" offset="426" sl="33" sc="32" el="33" ec="34" bec="0" bev="0" fileid="1" />
                <SequencePoint vc="1" uspid="45" ordinal="38" offset="455" sl="73" sc="13" el="73" ec="35" bec="0" bev="0" fileid="1" />
                <SequencePoint vc="1" uspid="46" ordinal="39" offset="462" sl="74" sc="9" el="74" ec="10" bec="0" bev="0" fileid="1" />
              </SequencePoints>
              <BranchPoints>
                <BranchPoint vc="0" uspid="47" ordinal="0" offset="85" sl="35" path="0" offsetend="90" fileid="1" />
                <BranchPoint vc="23" uspid="48" ordinal="1" offset="85" sl="35" path="1" offsetend="354" fileid="1" />
                <BranchPoint vc="0" uspid="49" ordinal="2" offset="235" sl="41" path="0" offsetend="237" fileid="1" />
                <BranchPoint vc="0" uspid="50" ordinal="3" offset="235" sl="41" path="1" offsetend="330" fileid="1" />
                <BranchPoint vc="0" uspid="51" ordinal="4" offset="259" sl="45" path="0" offsetend="261" fileid="1" />
                <BranchPoint vc="0" uspid="52" ordinal="5" offset="259" sl="45" path="1" offsetend="295" fileid="1" />
                <BranchPoint vc="0" uspid="53" ordinal="6" offset="376" sl="63" path="0" offsetend="378" fileid="1" />
                <BranchPoint vc="23" uspid="54" ordinal="7" offset="376" sl="63" path="1" offsetend="402" fileid="1" />
              </BranchPoints>
              <MethodPoint xsi:type="SequencePoint" vc="1" uspid="7" ordinal="0" offset="0" sl="28" sc="9" el="28" ec="10" bec="0" bev="0" fileid="1" />
            </Method>
            <Method visited="true" cyclomaticComplexity="1" nPathComplexity="0" sequenceCoverage="0" branchCoverage="0" isConstructor="true" isStatic="false" isGetter="false" isSetter="false">
              <Summary numSequencePoints="0" visitedSequencePoints="0" numBranchPoints="0" visitedBranchPoints="0" sequenceCoverage="0" branchCoverage="0" maxCyclomaticComplexity="1" minCyclomaticComplexity="1" visitedClasses="0" numClasses="0" visitedMethods="0" numMethods="0" />
              <MetadataToken>100663299</MetadataToken>
              <Name>System.Void Server.DataAccess::.ctor()</Name>
              <SequencePoints />
              <BranchPoints />
              <MethodPoint vc="2" uspid="57" ordinal="0" offset="0" />
            </Method>
          </Methods>
        </Class>
        <Class>
          <Summary numSequencePoints="0" visitedSequencePoints="0" numBranchPoints="0" visitedBranchPoints="0" sequenceCoverage="0" branchCoverage="0" maxCyclomaticComplexity="1" minCyclomaticComplexity="1" visitedClasses="0" numClasses="0" visitedMethods="0" numMethods="0" />
          <FullName>Server.DataAccess/&lt;&gt;c__DisplayClass0_0</FullName>
          <Methods>
            <Method visited="true" cyclomaticComplexity="1" nPathComplexity="0" sequenceCoverage="0" branchCoverage="0" isConstructor="true" isStatic="false" isGetter="false" isSetter="false">
              <Summary numSequencePoints="0" visitedSequencePoints="0" numBranchPoints="0" visitedBranchPoints="0" sequenceCoverage="0" branchCoverage="0" maxCyclomaticComplexity="1" minCyclomaticComplexity="1" visitedClasses="0" numClasses="0" visitedMethods="0" numMethods="0" />
              <MetadataToken>100663310</MetadataToken>
              <Name>System.Void Server.DataAccess/&lt;&gt;c__DisplayClass0_0::.ctor()</Name>
              <SequencePoints />
              <BranchPoints />
              <MethodPoint vc="1" uspid="58" ordinal="0" offset="0" />
            </Method>
          </Methods>
        </Class>
        <Class>
          <Summary numSequencePoints="0" visitedSequencePoints="0" numBranchPoints="0" visitedBranchPoints="0" sequenceCoverage="0" branchCoverage="0" maxCyclomaticComplexity="1" minCyclomaticComplexity="1" visitedClasses="0" numClasses="0" visitedMethods="0" numMethods="0" />
          <FullName>Server.DataAccess/&lt;&gt;c__DisplayClass1_0</FullName>
          <Methods>
            <Method visited="true" cyclomaticComplexity="1" nPathComplexity="0" sequenceCoverage="0" branchCoverage="0" isConstructor="true" isStatic="false" isGetter="false" isSetter="false">
              <Summary numSequencePoints="0" visitedSequencePoints="0" numBranchPoints="0" visitedBranchPoints="0" sequenceCoverage="0" branchCoverage="0" maxCyclomaticComplexity="1" minCyclomaticComplexity="1" visitedClasses="0" numClasses="0" visitedMethods="0" numMethods="0" />
              <MetadataToken>100663311</MetadataToken>
              <Name>System.Void Server.DataAccess/&lt;&gt;c__DisplayClass1_0::.ctor()</Name>
              <SequencePoints />
              <BranchPoints />
              <MethodPoint vc="23" uspid="59" ordinal="0" offset="0" />
            </Method>
          </Methods>
        </Class>
        <Class>
          <Summary numSequencePoints="17" visitedSequencePoints="13" numBranchPoints="4" visitedBranchPoints="3" sequenceCoverage="76.47" branchCoverage="75" maxCyclomaticComplexity="2" minCyclomaticComplexity="1" visitedClasses="1" numClasses="1" visitedMethods="2" numMethods="2" />
          <FullName>Server.DataProxy</FullName>
          <Methods>
            <Method visited="true" cyclomaticComplexity="2" nPathComplexity="2" sequenceCoverage="75" branchCoverage="66.67" isConstructor="false" isStatic="false" isGetter="false" isSetter="false">
              <Summary numSequencePoints="16" visitedSequencePoints="12" numBranchPoints="3" visitedBranchPoints="2" sequenceCoverage="75" branchCoverage="66.67" maxCyclomaticComplexity="2" minCyclomaticComplexity="2" visitedClasses="0" numClasses="0" visitedMethods="1" numMethods="1" />
              <MetadataToken>100663300</MetadataToken>
              <Name>System.Collections.Generic.List`1&lt;Common.Entry&gt; Server.DataProxy::requestData(System.DateTime,System.DateTime)</Name>
              <FileRef uid="2" />
              <SequencePoints>
                <SequencePoint vc="1" uspid="60" ordinal="0" offset="0" sl="14" sc="9" el="14" ec="10" bec="0" bev="0" fileid="2" />
                <SequencePoint vc="1" uspid="61" ordinal="1" offset="1" sl="15" sc="13" el="15" ec="42" bec="0" bev="0" fileid="2" />
                <SequencePoint vc="1" uspid="62" ordinal="2" offset="7" sl="17" sc="13" el="17" ec="103" bec="0" bev="0" fileid="2" />
                <SequencePoint vc="1" uspid="63" ordinal="3" offset="42" sl="19" sc="13" el="19" ec="44" bec="2" bev="1" fileid="2" />
                <SequencePoint vc="0" uspid="64" ordinal="4" offset="58" sl="20" sc="13" el="20" ec="14" bec="0" bev="0" fileid="2" />
                <SequencePoint vc="0" uspid="65" ordinal="5" offset="59" sl="21" sc="17" el="21" ec="39" bec="0" bev="0" fileid="2" />
                <SequencePoint vc="0" uspid="66" ordinal="6" offset="72" sl="22" sc="17" el="22" ec="47" bec="0" bev="0" fileid="2" />
                <SequencePoint vc="0" uspid="67" ordinal="7" offset="83" sl="23" sc="13" el="23" ec="14" bec="0" bev="0" fileid="2" />
                <SequencePoint vc="1" uspid="68" ordinal="8" offset="86" sl="25" sc="13" el="25" ec="14" bec="0" bev="0" fileid="2" />
                <SequencePoint vc="1" uspid="69" ordinal="9" offset="87" sl="26" sc="17" el="26" ec="43" bec="0" bev="0" fileid="2" />
                <SequencePoint vc="1" uspid="70" ordinal="10" offset="93" sl="27" sc="17" el="27" ec="132" bec="0" bev="0" fileid="2" />
                <SequencePoint vc="1" uspid="71" ordinal="11" offset="134" sl="28" sc="17" el="28" ec="58" bec="0" bev="0" fileid="2" />
                <SequencePoint vc="1" uspid="72" ordinal="12" offset="145" sl="29" sc="17" el="29" ec="42" bec="0" bev="0" fileid="2" />
                <SequencePoint vc="1" uspid="73" ordinal="13" offset="159" sl="30" sc="13" el="30" ec="14" bec="0" bev="0" fileid="2" />
                <SequencePoint vc="1" uspid="74" ordinal="14" offset="160" sl="32" sc="13" el="32" ec="25" bec="0" bev="0" fileid="2" />
                <SequencePoint vc="1" uspid="75" ordinal="15" offset="165" sl="33" sc="9" el="33" ec="10" bec="0" bev="0" fileid="2" />
              </SequencePoints>
              <BranchPoints>
                <BranchPoint vc="0" uspid="76" ordinal="0" offset="56" sl="19" path="0" offsetend="58" fileid="2" />
                <BranchPoint vc="1" uspid="77" ordinal="1" offset="56" sl="19" path="1" offsetend="86" fileid="2" />
              </BranchPoints>
              <MethodPoint xsi:type="SequencePoint" vc="1" uspid="60" ordinal="0" offset="0" sl="14" sc="9" el="14" ec="10" bec="0" bev="0" fileid="2" />
            </Method>
            <Method visited="true" cyclomaticComplexity="1" nPathComplexity="0" sequenceCoverage="100" branchCoverage="100" isConstructor="true" isStatic="false" isGetter="false" isSetter="false">
              <Summary numSequencePoints="1" visitedSequencePoints="1" numBranchPoints="1" visitedBranchPoints="1" sequenceCoverage="100" branchCoverage="100" maxCyclomaticComplexity="1" minCyclomaticComplexity="1" visitedClasses="0" numClasses="0" visitedMethods="1" numMethods="1" />
              <MetadataToken>100663301</MetadataToken>
              <Name>System.Void Server.DataProxy::.ctor()</Name>
              <FileRef uid="2" />
              <SequencePoints>
                <SequencePoint vc="1" uspid="78" ordinal="0" offset="0" sl="12" sc="9" el="12" ec="83" bec="0" bev="0" fileid="2" />
              </SequencePoints>
              <BranchPoints />
              <MethodPoint xsi:type="SequencePoint" vc="1" uspid="78" ordinal="0" offset="0" sl="12" sc="9" el="12" ec="83" bec="0" bev="0" fileid="2" />
            </Method>
          </Methods>
        </Class>
        <Class>
          <Summary numSequencePoints="36" visitedSequencePoints="32" numBranchPoints="14" visitedBranchPoints="11" sequenceCoverage="88.89" branchCoverage="78.57" maxCyclomaticComplexity="9" minCyclomaticComplexity="1" visitedClasses="1" numClasses="1" visitedMethods="5" numMethods="6" />
          <FullName>Server.FileReader</FullName>
          <Methods>
            <Method visited="true" cyclomaticComplexity="1" nPathComplexity="0" sequenceCoverage="100" branchCoverage="100" isConstructor="false" isStatic="false" isGetter="true" isSetter="false">
              <Summary numSequencePoints="1" visitedSequencePoints="1" numBranchPoints="1" visitedBranchPoints="1" sequenceCoverage="100" branchCoverage="100" maxCyclomaticComplexity="1" minCyclomaticComplexity="1" visitedClasses="0" numClasses="0" visitedMethods="1" numMethods="1" />
              <MetadataToken>100663302</MetadataToken>
              <Name>System.String Server.FileReader::get_File()</Name>
              <FileRef uid="3" />
              <SequencePoints>
                <SequencePoint vc="1" uspid="79" ordinal="0" offset="0" sl="15" sc="37" el="15" ec="41" bec="0" bev="0" fileid="3" />
              </SequencePoints>
              <BranchPoints />
              <MethodPoint xsi:type="SequencePoint" vc="1" uspid="79" ordinal="0" offset="0" sl="15" sc="37" el="15" ec="41" bec="0" bev="0" fileid="3" />
            </Method>
            <Method visited="true" cyclomaticComplexity="1" nPathComplexity="0" sequenceCoverage="100" branchCoverage="100" isConstructor="false" isStatic="false" isGetter="false" isSetter="true">
              <Summary numSequencePoints="1" visitedSequencePoints="1" numBranchPoints="1" visitedBranchPoints="1" sequenceCoverage="100" branchCoverage="100" maxCyclomaticComplexity="1" minCyclomaticComplexity="1" visitedClasses="0" numClasses="0" visitedMethods="1" numMethods="1" />
              <MetadataToken>100663303</MetadataToken>
              <Name>System.Void Server.FileReader::set_File(System.String)</Name>
              <FileRef uid="3" />
              <SequencePoints>
                <SequencePoint vc="1" uspid="80" ordinal="0" offset="0" sl="15" sc="50" el="15" ec="62" bec="0" bev="0" fileid="3" />
              </SequencePoints>
              <BranchPoints />
              <MethodPoint xsi:type="SequencePoint" vc="1" uspid="80" ordinal="0" offset="0" sl="15" sc="50" el="15" ec="62" bec="0" bev="0" fileid="3" />
            </Method>
            <Method visited="true" cyclomaticComplexity="1" nPathComplexity="0" sequenceCoverage="100" branchCoverage="100" isConstructor="false" isStatic="false" isGetter="true" isSetter="false">
              <Summary numSequencePoints="1" visitedSequencePoints="1" numBranchPoints="1" visitedBranchPoints="1" sequenceCoverage="100" branchCoverage="100" maxCyclomaticComplexity="1" minCyclomaticComplexity="1" visitedClasses="0" numClasses="0" visitedMethods="1" numMethods="1" />
              <MetadataToken>100663304</MetadataToken>
              <Name>System.Collections.Generic.List`1&lt;Common.Entry&gt; Server.FileReader::get_EntriesData()</Name>
              <FileRef uid="3" />
              <SequencePoints>
                <SequencePoint vc="24" uspid="81" ordinal="0" offset="0" sl="16" sc="49" el="16" ec="60" bec="0" bev="0" fileid="3" />
              </SequencePoints>
              <BranchPoints />
              <MethodPoint xsi:type="SequencePoint" vc="24" uspid="81" ordinal="0" offset="0" sl="16" sc="49" el="16" ec="60" bec="0" bev="0" fileid="3" />
            </Method>
            <Method visited="false" cyclomaticComplexity="1" nPathComplexity="0" sequenceCoverage="0" branchCoverage="0" isConstructor="false" isStatic="false" isGetter="false" isSetter="true">
              <Summary numSequencePoints="1" visitedSequencePoints="0" numBranchPoints="1" visitedBranchPoints="0" sequenceCoverage="0" branchCoverage="0" maxCyclomaticComplexity="1" minCyclomaticComplexity="1" visitedClasses="0" numClasses="0" visitedMethods="0" numMethods="1" />
              <MetadataToken>100663305</MetadataToken>
              <Name>System.Void Server.FileReader::set_EntriesData(System.Collections.Generic.List`1&lt;Common.Entry&gt;)</Name>
              <FileRef uid="3" />
              <SequencePoints>
                <SequencePoint vc="0" uspid="82" ordinal="0" offset="0" sl="16" sc="69" el="16" ec="88" bec="0" bev="0" fileid="3" />
              </SequencePoints>
              <BranchPoints />
              <MethodPoint xsi:type="SequencePoint" vc="0" uspid="82" ordinal="0" offset="0" sl="16" sc="69" el="16" ec="88" bec="0" bev="0" fileid="3" />
            </Method>
            <Method visited="true" cyclomaticComplexity="9" nPathComplexity="16" sequenceCoverage="88.89" branchCoverage="77.78" isConstructor="false" isStatic="false" isGetter="false" isSetter="false">
              <Summary numSequencePoints="27" visitedSequencePoints="24" numBranchPoints="9" visitedBranchPoints="7" sequenceCoverage="88.89" branchCoverage="77.78" maxCyclomaticComplexity="9" minCyclomaticComplexity="9" visitedClasses="0" numClasses="0" visitedMethods="1" numMethods="1" />
              <MetadataToken>100663306</MetadataToken>
              <Name>System.Collections.Generic.List`1&lt;Common.Entry&gt; Server.FileReader::readFromFile()</Name>
              <FileRef uid="3" />
              <SequencePoints>
                <SequencePoint vc="1" uspid="83" ordinal="0" offset="0" sl="19" sc="9" el="19" ec="10" bec="0" bev="0" fileid="3" />
                <SequencePoint vc="1" uspid="84" ordinal="1" offset="1" sl="21" sc="20" el="21" ec="55" bec="0" bev="0" fileid="3" />
                <SequencePoint vc="1" uspid="85" ordinal="2" offset="13" sl="22" sc="13" el="22" ec="14" bec="0" bev="0" fileid="3" />
                <SequencePoint vc="1" uspid="86" ordinal="3" offset="14" sl="24" sc="17" el="24" ec="35" bec="0" bev="0" fileid="3" />
                <SequencePoint vc="24" uspid="87" ordinal="4" offset="26" sl="26" sc="17" el="26" ec="18" bec="0" bev="0" fileid="3" />
                <SequencePoint vc="24" uspid="88" ordinal="5" offset="27" sl="27" sc="21" el="27" ec="50" bec="0" bev="0" fileid="3" />
                <SequencePoint vc="24" uspid="89" ordinal="6" offset="34" sl="28" sc="21" el="28" ec="50" bec="0" bev="0" fileid="3" />
                <SequencePoint vc="24" uspid="90" ordinal="7" offset="52" sl="29" sc="21" el="29" ec="41" bec="2" bev="2" fileid="3" />
                <SequencePoint vc="23" uspid="91" ordinal="8" offset="69" sl="30" sc="21" el="30" ec="22" bec="0" bev="0" fileid="3" />
                <SequencePoint vc="23" uspid="92" ordinal="9" offset="70" sl="32" sc="25" el="32" ec="155" bec="2" bev="1" fileid="3" />
                <SequencePoint vc="23" uspid="93" ordinal="10" offset="138" sl="33" sc="21" el="33" ec="22" bec="0" bev="0" fileid="3" />
                <SequencePoint vc="1" uspid="94" ordinal="11" offset="141" sl="35" sc="21" el="35" ec="22" bec="0" bev="0" fileid="3" />
                <SequencePoint vc="1" uspid="95" ordinal="12" offset="142" sl="36" sc="25" el="36" ec="78" bec="0" bev="0" fileid="3" />
                <SequencePoint vc="1" uspid="96" ordinal="13" offset="149" sl="37" sc="25" el="38" ec="92" bec="0" bev="0" fileid="3" />
                <SequencePoint vc="1" uspid="97" ordinal="14" offset="201" sl="40" sc="25" el="40" ec="58" bec="2" bev="1" fileid="3" />
                <SequencePoint vc="0" uspid="98" ordinal="15" offset="217" sl="41" sc="25" el="41" ec="26" bec="0" bev="0" fileid="3" />
                <SequencePoint vc="0" uspid="99" ordinal="16" offset="218" sl="42" sc="29" el="42" ec="75" bec="0" bev="0" fileid="3" />
                <SequencePoint vc="0" uspid="100" ordinal="17" offset="228" sl="43" sc="25" el="43" ec="26" bec="0" bev="0" fileid="3" />
                <SequencePoint vc="1" uspid="101" ordinal="18" offset="231" sl="45" sc="25" el="45" ec="26" bec="0" bev="0" fileid="3" />
                <SequencePoint vc="1" uspid="102" ordinal="19" offset="232" sl="46" sc="29" el="46" ec="76" bec="0" bev="0" fileid="3" />
                <SequencePoint vc="1" uspid="103" ordinal="20" offset="242" sl="47" sc="25" el="47" ec="26" bec="0" bev="0" fileid="3" />
                <SequencePoint vc="1" uspid="104" ordinal="21" offset="243" sl="48" sc="21" el="48" ec="22" bec="0" bev="0" fileid="3" />
                <SequencePoint vc="24" uspid="105" ordinal="22" offset="244" sl="49" sc="17" el="49" ec="18" bec="0" bev="0" fileid="3" />
                <SequencePoint vc="25" uspid="106" ordinal="23" offset="245" sl="25" sc="17" el="25" ec="44" bec="2" bev="2" fileid="3" />
                <SequencePoint vc="1" uspid="107" ordinal="24" offset="263" sl="50" sc="13" el="50" ec="14" bec="0" bev="0" fileid="3" />
                <SequencePoint vc="1" uspid="108" ordinal="25" offset="277" sl="51" sc="13" el="51" ec="32" bec="0" bev="0" fileid="3" />
                <SequencePoint vc="1" uspid="109" ordinal="26" offset="287" sl="52" sc="9" el="52" ec="10" bec="0" bev="0" fileid="3" />
              </SequencePoints>
              <BranchPoints>
                <BranchPoint vc="23" uspid="110" ordinal="0" offset="67" sl="29" path="0" offsetend="69" fileid="3" />
                <BranchPoint vc="1" uspid="111" ordinal="1" offset="67" sl="29" path="1" offsetend="141" fileid="3" />
                <BranchPoint vc="23" uspid="114" ordinal="4" offset="117" sl="32" path="0" offsetend="119" fileid="3" />
                <BranchPoint vc="0" uspid="115" ordinal="5" offset="117" sl="32" path="1" offsetend="123" fileid="3" />
                <BranchPoint vc="0" uspid="116" ordinal="6" offset="215" sl="40" path="0" offsetend="217" fileid="3" />
                <BranchPoint vc="1" uspid="117" ordinal="7" offset="215" sl="40" path="1" offsetend="231" fileid="3" />
                <BranchPoint vc="1" uspid="118" ordinal="8" offset="258" sl="25" path="0" offsetend="263" fileid="3" />
                <BranchPoint vc="24" uspid="119" ordinal="9" offset="258" sl="25" path="1" offsetend="26" fileid="3" />
              </BranchPoints>
              <MethodPoint xsi:type="SequencePoint" vc="1" uspid="83" ordinal="0" offset="0" sl="19" sc="9" el="19" ec="10" bec="0" bev="0" fileid="3" />
            </Method>
            <Method visited="true" cyclomaticComplexity="1" nPathComplexity="0" sequenceCoverage="100" branchCoverage="100" isConstructor="true" isStatic="false" isGetter="false" isSetter="false">
              <Summary numSequencePoints="5" visitedSequencePoints="5" numBranchPoints="1" visitedBranchPoints="1" sequenceCoverage="100" branchCoverage="100" maxCyclomaticComplexity="1" minCyclomaticComplexity="1" visitedClasses="0" numClasses="0" visitedMethods="1" numMethods="1" />
              <MetadataToken>100663307</MetadataToken>
              <Name>System.Void Server.FileReader::.ctor()</Name>
              <FileRef uid="3" />
              <SequencePoints>
                <SequencePoint vc="1" uspid="120" ordinal="0" offset="0" sl="14" sc="9" el="14" ec="53" bec="0" bev="0" fileid="3" />
                <SequencePoint vc="1" uspid="121" ordinal="1" offset="11" sl="54" sc="9" el="54" ec="28" bec="0" bev="0" fileid="3" />
                <SequencePoint vc="1" uspid="122" ordinal="2" offset="18" sl="55" sc="9" el="55" ec="10" bec="0" bev="0" fileid="3" />
                <SequencePoint vc="1" uspid="123" ordinal="3" offset="19" sl="57" sc="13" el="57" ec="101" bec="0" bev="0" fileid="3" />
                <SequencePoint vc="1" uspid="124" ordinal="4" offset="31" sl="58" sc="9" el="58" ec="10" bec="0" bev="0" fileid="3" />
              </SequencePoints>
              <BranchPoints />
              <MethodPoint xsi:type="SequencePoint" vc="1" uspid="120" ordinal="0" offset="0" sl="14" sc="9" el="14" ec="53" bec="0" bev="0" fileid="3" />
            </Method>
          </Methods>
        </Class>
        <Class>
          <Summary numSequencePoints="14" visitedSequencePoints="14" numBranchPoints="1" visitedBranchPoints="1" sequenceCoverage="100" branchCoverage="100" maxCyclomaticComplexity="2" minCyclomaticComplexity="1" visitedClasses="1" numClasses="1" visitedMethods="1" numMethods="1" />
          <FullName>Server.Program</FullName>
          <Methods>
            <Method visited="true" cyclomaticComplexity="2" nPathComplexity="0" sequenceCoverage="100" branchCoverage="100" isConstructor="false" isStatic="true" isGetter="false" isSetter="false">
              <Summary numSequencePoints="14" visitedSequencePoints="14" numBranchPoints="1" visitedBranchPoints="1" sequenceCoverage="100" branchCoverage="100" maxCyclomaticComplexity="2" minCyclomaticComplexity="2" visitedClasses="0" numClasses="0" visitedMethods="1" numMethods="1" />
              <MetadataToken>100663308</MetadataToken>
              <Name>System.Void Server.Program::Main(System.String[])</Name>
              <FileRef uid="4" />
              <SequencePoints>
                <SequencePoint vc="1" uspid="125" ordinal="0" offset="0" sl="13" sc="9" el="13" ec="10" bec="0" bev="0" fileid="4" />
                <SequencePoint vc="1" uspid="126" ordinal="1" offset="1" sl="14" sc="13" el="14" ec="46" bec="0" bev="0" fileid="4" />
                <SequencePoint vc="1" uspid="127" ordinal="2" offset="7" sl="15" sc="13" el="15" ec="28" bec="0" bev="0" fileid="4" />
                <SequencePoint vc="1" uspid="128" ordinal="3" offset="14" sl="26" sc="13" el="26" ec="38" bec="0" bev="0" fileid="4" />
                <SequencePoint vc="1" uspid="129" ordinal="4" offset="20" sl="28" sc="13" el="28" ec="95" bec="0" bev="0" fileid="4" />
                <SequencePoint vc="1" uspid="130" ordinal="5" offset="47" sl="29" sc="13" el="29" ec="20" bec="0" bev="0" fileid="4" />
                <SequencePoint vc="1" uspid="131" ordinal="6" offset="48" sl="29" sc="34" el="29" ec="38" bec="0" bev="0" fileid="4" />
                <SequencePoint vc="23" uspid="132" ordinal="7" offset="57" sl="29" sc="22" el="29" ec="30" bec="0" bev="0" fileid="4" />
                <SequencePoint vc="23" uspid="133" ordinal="8" offset="66" sl="30" sc="13" el="30" ec="14" bec="0" bev="0" fileid="4" />
                <SequencePoint vc="23" uspid="134" ordinal="9" offset="67" sl="31" sc="17" el="31" ec="41" bec="0" bev="0" fileid="4" />
                <SequencePoint vc="23" uspid="135" ordinal="10" offset="75" sl="32" sc="13" el="32" ec="14" bec="0" bev="0" fileid="4" />
                <SequencePoint vc="24" uspid="136" ordinal="11" offset="76" sl="29" sc="31" el="29" ec="33" bec="0" bev="0" fileid="4" />
                <SequencePoint vc="1" uspid="137" ordinal="12" offset="102" sl="44" sc="13" el="44" ec="59" bec="0" bev="0" fileid="4" />
                <SequencePoint vc="1" uspid="138" ordinal="13" offset="113" sl="46" sc="9" el="46" ec="10" bec="0" bev="0" fileid="4" />
              </SequencePoints>
              <BranchPoints />
              <MethodPoint xsi:type="SequencePoint" vc="1" uspid="125" ordinal="0" offset="0" sl="13" sc="9" el="13" ec="10" bec="0" bev="0" fileid="4" />
            </Method>
            <Method visited="false" cyclomaticComplexity="1" nPathComplexity="0" sequenceCoverage="0" branchCoverage="0" isConstructor="true" isStatic="false" isGetter="false" isSetter="false">
              <Summary numSequencePoints="0" visitedSequencePoints="0" numBranchPoints="0" visitedBranchPoints="0" sequenceCoverage="0" branchCoverage="0" maxCyclomaticComplexity="1" minCyclomaticComplexity="1" visitedClasses="0" numClasses="0" visitedMethods="0" numMethods="0" />
              <MetadataToken>100663309</MetadataToken>
              <Name>System.Void Server.Program::.ctor()</Name>
              <SequencePoints />
              <BranchPoints />
              <MethodPoint vc="0" uspid="141" ordinal="0" offset="0" />
            </Method>
          </Methods>
        </Class>
      </Classes>
    </Module>
    <Module hash="67-33-73-9F-C9-58-72-40-C3-9F-C4-34-6D-7A-8E-0E-76-AA-9B-75">
      <Summary numSequencePoints="58" visitedSequencePoints="42" numBranchPoints="22" visitedBranchPoints="15" sequenceCoverage="72.41" branchCoverage="68.18" maxCyclomaticComplexity="1" minCyclomaticComplexity="1" visitedClasses="2" numClasses="3" visitedMethods="15" numMethods="22" />
      <ModulePath>C:\Users\Nikola\source\repos\RES_Projekat_12-49_v2\DataProxyRES\DataProxyTest\bin\Debug\Common.dll</ModulePath>
      <ModuleTime>2018-06-07T13:01:53.4114589Z</ModuleTime>
      <ModuleName>Common</ModuleName>
      <Files>
        <File uid="9" fullPath="C:\Users\Nikola\source\repos\RES_Projekat_12-49_v2\DataProxyRES\Common\DataProxyDbContext.cs" />
        <File uid="10" fullPath="C:\Users\Nikola\source\repos\RES_Projekat_12-49_v2\DataProxyRES\Common\Entry.cs" />
        <File uid="11" fullPath="C:\Users\Nikola\source\repos\RES_Projekat_12-49_v2\DataProxyRES\Common\Region.cs" />
      </Files>
      <Classes>
        <Class>
          <Summary numSequencePoints="0" visitedSequencePoints="0" numBranchPoints="0" visitedBranchPoints="0" sequenceCoverage="0" branchCoverage="0" maxCyclomaticComplexity="0" minCyclomaticComplexity="0" visitedClasses="0" numClasses="0" visitedMethods="0" numMethods="0" />
          <FullName>&lt;Module&gt;</FullName>
          <Methods />
        </Class>
        <Class>
          <Summary numSequencePoints="4" visitedSequencePoints="3" numBranchPoints="4" visitedBranchPoints="3" sequenceCoverage="75" branchCoverage="75" maxCyclomaticComplexity="1" minCyclomaticComplexity="1" visitedClasses="1" numClasses="1" visitedMethods="3" numMethods="4" />
          <FullName>Common.DataProxyDbContext</FullName>
          <Methods>
            <Method visited="true" cyclomaticComplexity="1" nPathComplexity="0" sequenceCoverage="100" branchCoverage="100" isConstructor="false" isStatic="false" isGetter="true" isSetter="false">
              <Summary numSequencePoints="1" visitedSequencePoints="1" numBranchPoints="1" visitedBranchPoints="1" sequenceCoverage="100" branchCoverage="100" maxCyclomaticComplexity="1" minCyclomaticComplexity="1" visitedClasses="0" numClasses="0" visitedMethods="1" numMethods="1" />
              <MetadataToken>100663297</MetadataToken>
              <Name>System.Data.Entity.DbSet`1&lt;Common.Entry&gt; Common.DataProxyDbContext::get_Entries()</Name>
              <FileRef uid="9" />
              <SequencePoints>
                <SequencePoint vc="24" uspid="142" ordinal="0" offset="0" sl="12" sc="39" el="12" ec="43" bec="0" bev="0" fileid="9" />
              </SequencePoints>
              <BranchPoints />
              <MethodPoint xsi:type="SequencePoint" vc="24" uspid="142" ordinal="0" offset="0" sl="12" sc="39" el="12" ec="43" bec="0" bev="0" fileid="9" />
            </Method>
            <Method visited="true" cyclomaticComplexity="1" nPathComplexity="0" sequenceCoverage="100" branchCoverage="100" isConstructor="false" isStatic="false" isGetter="false" isSetter="true">
              <Summary numSequencePoints="1" visitedSequencePoints="1" numBranchPoints="1" visitedBranchPoints="1" sequenceCoverage="100" branchCoverage="100" maxCyclomaticComplexity="1" minCyclomaticComplexity="1" visitedClasses="0" numClasses="0" visitedMethods="1" numMethods="1" />
              <MetadataToken>100663298</MetadataToken>
              <Name>System.Void Common.DataProxyDbContext::set_Entries(System.Data.Entity.DbSet`1&lt;Common.Entry&gt;)</Name>
              <FileRef uid="9" />
              <SequencePoints>
                <SequencePoint vc="2" uspid="143" ordinal="0" offset="0" sl="12" sc="44" el="12" ec="48" bec="0" bev="0" fileid="9" />
              </SequencePoints>
              <BranchPoints />
              <MethodPoint xsi:type="SequencePoint" vc="2" uspid="143" ordinal="0" offset="0" sl="12" sc="44" el="12" ec="48" bec="0" bev="0" fileid="9" />
            </Method>
            <Method visited="false" cyclomaticComplexity="1" nPathComplexity="0" sequenceCoverage="0" branchCoverage="0" isConstructor="false" isStatic="false" isGetter="true" isSetter="false">
              <Summary numSequencePoints="1" visitedSequencePoints="0" numBranchPoints="1" visitedBranchPoints="0" sequenceCoverage="0" branchCoverage="0" maxCyclomaticComplexity="1" minCyclomaticComplexity="1" visitedClasses="0" numClasses="0" visitedMethods="0" numMethods="1" />
              <MetadataToken>100663299</MetadataToken>
              <Name>System.Data.Entity.DbSet`1&lt;Common.Region&gt; Common.DataProxyDbContext::get_Regions()</Name>
              <FileRef uid="9" />
              <SequencePoints>
                <SequencePoint vc="0" uspid="144" ordinal="0" offset="0" sl="13" sc="40" el="13" ec="44" bec="0" bev="0" fileid="9" />
              </SequencePoints>
              <BranchPoints />
              <MethodPoint xsi:type="SequencePoint" vc="0" uspid="144" ordinal="0" offset="0" sl="13" sc="40" el="13" ec="44" bec="0" bev="0" fileid="9" />
            </Method>
            <Method visited="true" cyclomaticComplexity="1" nPathComplexity="0" sequenceCoverage="100" branchCoverage="100" isConstructor="false" isStatic="false" isGetter="false" isSetter="true">
              <Summary numSequencePoints="1" visitedSequencePoints="1" numBranchPoints="1" visitedBranchPoints="1" sequenceCoverage="100" branchCoverage="100" maxCyclomaticComplexity="1" minCyclomaticComplexity="1" visitedClasses="0" numClasses="0" visitedMethods="1" numMethods="1" />
              <MetadataToken>100663300</MetadataToken>
              <Name>System.Void Common.DataProxyDbContext::set_Regions(System.Data.Entity.DbSet`1&lt;Common.Region&gt;)</Name>
              <FileRef uid="9" />
              <SequencePoints>
                <SequencePoint vc="2" uspid="145" ordinal="0" offset="0" sl="13" sc="45" el="13" ec="49" bec="0" bev="0" fileid="9" />
              </SequencePoints>
              <BranchPoints />
              <MethodPoint xsi:type="SequencePoint" vc="2" uspid="145" ordinal="0" offset="0" sl="13" sc="45" el="13" ec="49" bec="0" bev="0" fileid="9" />
            </Method>
            <Method visited="true" cyclomaticComplexity="1" nPathComplexity="0" sequenceCoverage="0" branchCoverage="0" isConstructor="true" isStatic="false" isGetter="false" isSetter="false">
              <Summary numSequencePoints="0" visitedSequencePoints="0" numBranchPoints="0" visitedBranchPoints="0" sequenceCoverage="0" branchCoverage="0" maxCyclomaticComplexity="1" minCyclomaticComplexity="1" visitedClasses="0" numClasses="0" visitedMethods="0" numMethods="0" />
              <MetadataToken>100663301</MetadataToken>
              <Name>System.Void Common.DataProxyDbContext::.ctor()</Name>
              <SequencePoints />
              <BranchPoints />
              <MethodPoint vc="2" uspid="146" ordinal="0" offset="0" />
            </Method>
          </Methods>
        </Class>
        <Class>
          <Summary numSequencePoints="45" visitedSequencePoints="39" numBranchPoints="13" visitedBranchPoints="12" sequenceCoverage="86.67" branchCoverage="92.31" maxCyclomaticComplexity="1" minCyclomaticComplexity="1" visitedClasses="1" numClasses="1" visitedMethods="12" numMethods="13" />
          <FullName>Common.Entry</FullName>
          <Methods>
            <Method visited="true" cyclomaticComplexity="1" nPathComplexity="0" sequenceCoverage="100" branchCoverage="100" isConstructor="false" isStatic="false" isGetter="true" isSetter="false">
              <Summary numSequencePoints="1" visitedSequencePoints="1" numBranchPoints="1" visitedBranchPoints="1" sequenceCoverage="100" branchCoverage="100" maxCyclomaticComplexity="1" minCyclomaticComplexity="1" visitedClasses="0" numClasses="0" visitedMethods="1" numMethods="1" />
              <MetadataToken>100663302</MetadataToken>
              <Name>System.DateTime Common.Entry::get_Datum()</Name>
              <FileRef uid="10" />
              <SequencePoints>
                <SequencePoint vc="69" uspid="147" ordinal="0" offset="0" sl="17" sc="33" el="17" ec="37" bec="0" bev="0" fileid="10" />
              </SequencePoints>
              <BranchPoints />
              <MethodPoint xsi:type="SequencePoint" vc="69" uspid="147" ordinal="0" offset="0" sl="17" sc="33" el="17" ec="37" bec="0" bev="0" fileid="10" />
            </Method>
            <Method visited="true" cyclomaticComplexity="1" nPathComplexity="0" sequenceCoverage="100" branchCoverage="100" isConstructor="false" isStatic="false" isGetter="false" isSetter="true">
              <Summary numSequencePoints="1" visitedSequencePoints="1" numBranchPoints="1" visitedBranchPoints="1" sequenceCoverage="100" branchCoverage="100" maxCyclomaticComplexity="1" minCyclomaticComplexity="1" visitedClasses="0" numClasses="0" visitedMethods="1" numMethods="1" />
              <MetadataToken>100663303</MetadataToken>
              <Name>System.Void Common.Entry::set_Datum(System.DateTime)</Name>
              <FileRef uid="10" />
              <SequencePoints>
                <SequencePoint vc="69" uspid="148" ordinal="0" offset="0" sl="17" sc="38" el="17" ec="42" bec="0" bev="0" fileid="10" />
              </SequencePoints>
              <BranchPoints />
              <MethodPoint xsi:type="SequencePoint" vc="69" uspid="148" ordinal="0" offset="0" sl="17" sc="38" el="17" ec="42" bec="0" bev="0" fileid="10" />
            </Method>
            <Method visited="true" cyclomaticComplexity="1" nPathComplexity="0" sequenceCoverage="100" branchCoverage="100" isConstructor="false" isStatic="false" isGetter="true" isSetter="false">
              <Summary numSequencePoints="3" visitedSequencePoints="3" numBranchPoints="1" visitedBranchPoints="1" sequenceCoverage="100" branchCoverage="100" maxCyclomaticComplexity="1" minCyclomaticComplexity="1" visitedClasses="0" numClasses="0" visitedMethods="1" numMethods="1" />
              <MetadataToken>100663306</MetadataToken>
              <Name>System.String Common.Entry::get_Hour()</Name>
              <FileRef uid="10" />
              <SequencePoints>
                <SequencePoint vc="667" uspid="149" ordinal="0" offset="0" sl="42" sc="13" el="42" ec="14" bec="0" bev="0" fileid="10" />
                <SequencePoint vc="667" uspid="150" ordinal="1" offset="1" sl="43" sc="17" el="43" ec="34" bec="0" bev="0" fileid="10" />
                <SequencePoint vc="667" uspid="151" ordinal="2" offset="10" sl="44" sc="13" el="44" ec="14" bec="0" bev="0" fileid="10" />
              </SequencePoints>
              <BranchPoints />
              <MethodPoint xsi:type="SequencePoint" vc="667" uspid="149" ordinal="0" offset="0" sl="42" sc="13" el="42" ec="14" bec="0" bev="0" fileid="10" />
            </Method>
            <Method visited="true" cyclomaticComplexity="1" nPathComplexity="0" sequenceCoverage="100" branchCoverage="100" isConstructor="false" isStatic="false" isGetter="false" isSetter="true">
              <Summary numSequencePoints="3" visitedSequencePoints="3" numBranchPoints="1" visitedBranchPoints="1" sequenceCoverage="100" branchCoverage="100" maxCyclomaticComplexity="1" minCyclomaticComplexity="1" visitedClasses="0" numClasses="0" visitedMethods="1" numMethods="1" />
              <MetadataToken>100663307</MetadataToken>
              <Name>System.Void Common.Entry::set_Hour(System.String)</Name>
              <FileRef uid="10" />
              <SequencePoints>
                <SequencePoint vc="46" uspid="152" ordinal="0" offset="0" sl="46" sc="13" el="46" ec="14" bec="0" bev="0" fileid="10" />
                <SequencePoint vc="46" uspid="153" ordinal="1" offset="1" sl="47" sc="17" el="47" ec="35" bec="0" bev="0" fileid="10" />
                <SequencePoint vc="46" uspid="154" ordinal="2" offset="8" sl="48" sc="13" el="48" ec="14" bec="0" bev="0" fileid="10" />
              </SequencePoints>
              <BranchPoints />
              <MethodPoint xsi:type="SequencePoint" vc="46" uspid="152" ordinal="0" offset="0" sl="46" sc="13" el="46" ec="14" bec="0" bev="0" fileid="10" />
            </Method>
            <Method visited="true" cyclomaticComplexity="1" nPathComplexity="0" sequenceCoverage="100" branchCoverage="100" isConstructor="false" isStatic="false" isGetter="true" isSetter="false">
              <Summary numSequencePoints="3" visitedSequencePoints="3" numBranchPoints="1" visitedBranchPoints="1" sequenceCoverage="100" branchCoverage="100" maxCyclomaticComplexity="1" minCyclomaticComplexity="1" visitedClasses="0" numClasses="0" visitedMethods="1" numMethods="1" />
              <MetadataToken>100663308</MetadataToken>
              <Name>System.Int32 Common.Entry::get_Consumption()</Name>
              <FileRef uid="10" />
              <SequencePoints>
                <SequencePoint vc="69" uspid="155" ordinal="0" offset="0" sl="53" sc="13" el="53" ec="14" bec="0" bev="0" fileid="10" />
                <SequencePoint vc="69" uspid="156" ordinal="1" offset="1" sl="54" sc="17" el="54" ec="41" bec="0" bev="0" fileid="10" />
                <SequencePoint vc="69" uspid="157" ordinal="2" offset="10" sl="55" sc="13" el="55" ec="14" bec="0" bev="0" fileid="10" />
              </SequencePoints>
              <BranchPoints />
              <MethodPoint xsi:type="SequencePoint" vc="69" uspid="155" ordinal="0" offset="0" sl="53" sc="13" el="53" ec="14" bec="0" bev="0" fileid="10" />
            </Method>
            <Method visited="true" cyclomaticComplexity="1" nPathComplexity="0" sequenceCoverage="100" branchCoverage="100" isConstructor="false" isStatic="false" isGetter="false" isSetter="true">
              <Summary numSequencePoints="3" visitedSequencePoints="3" numBranchPoints="1" visitedBranchPoints="1" sequenceCoverage="100" branchCoverage="100" maxCyclomaticComplexity="1" minCyclomaticComplexity="1" visitedClasses="0" numClasses="0" visitedMethods="1" numMethods="1" />
              <MetadataToken>100663309</MetadataToken>
              <Name>System.Void Common.Entry::set_Consumption(System.Int32)</Name>
              <FileRef uid="10" />
              <SequencePoints>
                <SequencePoint vc="46" uspid="158" ordinal="0" offset="0" sl="57" sc="13" el="57" ec="14" bec="0" bev="0" fileid="10" />
                <SequencePoint vc="46" uspid="159" ordinal="1" offset="1" sl="58" sc="17" el="58" ec="42" bec="0" bev="0" fileid="10" />
                <SequencePoint vc="46" uspid="160" ordinal="2" offset="8" sl="59" sc="13" el="59" ec="14" bec="0" bev="0" fileid="10" />
              </SequencePoints>
              <BranchPoints />
              <MethodPoint xsi:type="SequencePoint" vc="46" uspid="158" ordinal="0" offset="0" sl="57" sc="13" el="57" ec="14" bec="0" bev="0" fileid="10" />
            </Method>
            <Method visited="true" cyclomaticComplexity="1" nPathComplexity="0" sequenceCoverage="100" branchCoverage="100" isConstructor="false" isStatic="false" isGetter="true" isSetter="false">
              <Summary numSequencePoints="3" visitedSequencePoints="3" numBranchPoints="1" visitedBranchPoints="1" sequenceCoverage="100" branchCoverage="100" maxCyclomaticComplexity="1" minCyclomaticComplexity="1" visitedClasses="0" numClasses="0" visitedMethods="1" numMethods="1" />
              <MetadataToken>100663310</MetadataToken>
              <Name>System.String Common.Entry::get_Area()</Name>
              <FileRef uid="10" />
              <SequencePoints>
                <SequencePoint vc="69" uspid="161" ordinal="0" offset="0" sl="64" sc="13" el="64" ec="14" bec="0" bev="0" fileid="10" />
                <SequencePoint vc="69" uspid="162" ordinal="1" offset="1" sl="65" sc="17" el="65" ec="34" bec="0" bev="0" fileid="10" />
                <SequencePoint vc="69" uspid="163" ordinal="2" offset="10" sl="66" sc="13" el="66" ec="14" bec="0" bev="0" fileid="10" />
              </SequencePoints>
              <BranchPoints />
              <MethodPoint xsi:type="SequencePoint" vc="69" uspid="161" ordinal="0" offset="0" sl="64" sc="13" el="64" ec="14" bec="0" bev="0" fileid="10" />
            </Method>
            <Method visited="true" cyclomaticComplexity="1" nPathComplexity="0" sequenceCoverage="100" branchCoverage="100" isConstructor="false" isStatic="false" isGetter="false" isSetter="true">
              <Summary numSequencePoints="3" visitedSequencePoints="3" numBranchPoints="1" visitedBranchPoints="1" sequenceCoverage="100" branchCoverage="100" maxCyclomaticComplexity="1" minCyclomaticComplexity="1" visitedClasses="0" numClasses="0" visitedMethods="1" numMethods="1" />
              <MetadataToken>100663311</MetadataToken>
              <Name>System.Void Common.Entry::set_Area(System.String)</Name>
              <FileRef uid="10" />
              <SequencePoints>
                <SequencePoint vc="46" uspid="164" ordinal="0" offset="0" sl="68" sc="13" el="68" ec="14" bec="0" bev="0" fileid="10" />
                <SequencePoint vc="46" uspid="165" ordinal="1" offset="1" sl="69" sc="17" el="69" ec="35" bec="0" bev="0" fileid="10" />
                <SequencePoint vc="46" uspid="166" ordinal="2" offset="8" sl="70" sc="13" el="70" ec="14" bec="0" bev="0" fileid="10" />
              </SequencePoints>
              <BranchPoints />
              <MethodPoint xsi:type="SequencePoint" vc="46" uspid="164" ordinal="0" offset="0" sl="68" sc="13" el="68" ec="14" bec="0" bev="0" fileid="10" />
            </Method>
            <Method visited="true" cyclomaticComplexity="1" nPathComplexity="0" sequenceCoverage="100" branchCoverage="100" isConstructor="true" isStatic="false" isGetter="false" isSetter="false">
              <Summary numSequencePoints="3" visitedSequencePoints="3" numBranchPoints="1" visitedBranchPoints="1" sequenceCoverage="100" branchCoverage="100" maxCyclomaticComplexity="1" minCyclomaticComplexity="1" visitedClasses="0" numClasses="0" visitedMethods="1" numMethods="1" />
              <MetadataToken>100663304</MetadataToken>
              <Name>System.Void Common.Entry::.ctor()</Name>
              <FileRef uid="10" />
              <SequencePoints>
                <SequencePoint vc="46" uspid="167" ordinal="0" offset="0" sl="19" sc="9" el="19" ec="23" bec="0" bev="0" fileid="10" />
                <SequencePoint vc="46" uspid="168" ordinal="1" offset="7" sl="20" sc="9" el="20" ec="10" bec="0" bev="0" fileid="10" />
                <SequencePoint vc="46" uspid="169" ordinal="2" offset="8" sl="22" sc="9" el="22" ec="10" bec="0" bev="0" fileid="10" />
              </SequencePoints>
              <BranchPoints />
              <MethodPoint xsi:type="SequencePoint" vc="46" uspid="167" ordinal="0" offset="0" sl="19" sc="9" el="19" ec="23" bec="0" bev="0" fileid="10" />
            </Method>
            <Method visited="true" cyclomaticComplexity="1" nPathComplexity="0" sequenceCoverage="75" branchCoverage="100" isConstructor="true" isStatic="false" isGetter="false" isSetter="false">
              <Summary numSequencePoints="12" visitedSequencePoints="9" numBranchPoints="1" visitedBranchPoints="1" sequenceCoverage="75" branchCoverage="100" maxCyclomaticComplexity="1" minCyclomaticComplexity="1" visitedClasses="0" numClasses="0" visitedMethods="1" numMethods="1" />
              <MetadataToken>100663305</MetadataToken>
              <Name>System.Void Common.Entry::.ctor(System.String,System.Int32,System.String)</Name>
              <FileRef uid="10" />
              <SequencePoints>
                <SequencePoint vc="23" uspid="170" ordinal="0" offset="0" sl="24" sc="9" el="24" ec="48" bec="0" bev="0" fileid="10" />
                <SequencePoint vc="23" uspid="171" ordinal="1" offset="7" sl="25" sc="9" el="25" ec="10" bec="0" bev="0" fileid="10" />
                <SequencePoint vc="23" uspid="172" ordinal="2" offset="8" sl="27" sc="13" el="27" ec="14" bec="0" bev="0" fileid="10" />
                <SequencePoint vc="23" uspid="173" ordinal="3" offset="9" sl="28" sc="17" el="28" ec="75" bec="0" bev="0" fileid="10" />
                <SequencePoint vc="23" uspid="174" ordinal="4" offset="44" sl="29" sc="17" el="29" ec="38" bec="0" bev="0" fileid="10" />
                <SequencePoint vc="23" uspid="175" ordinal="5" offset="51" sl="30" sc="17" el="30" ec="31" bec="0" bev="0" fileid="10" />
                <SequencePoint vc="23" uspid="176" ordinal="6" offset="58" sl="31" sc="17" el="31" ec="43" bec="0" bev="0" fileid="10" />
                <SequencePoint vc="23" uspid="177" ordinal="7" offset="78" sl="32" sc="13" el="32" ec="14" bec="0" bev="0" fileid="10" />
                <SequencePoint vc="0" uspid="178" ordinal="8" offset="81" sl="33" sc="13" el="33" ec="37" bec="0" bev="0" fileid="10" />
                <SequencePoint vc="0" uspid="179" ordinal="9" offset="82" sl="34" sc="13" el="34" ec="14" bec="0" bev="0" fileid="10" />
                <SequencePoint vc="0" uspid="180" ordinal="10" offset="83" sl="36" sc="13" el="36" ec="14" bec="0" bev="0" fileid="10" />
                <SequencePoint vc="23" uspid="181" ordinal="11" offset="86" sl="37" sc="9" el="37" ec="10" bec="0" bev="0" fileid="10" />
              </SequencePoints>
              <BranchPoints />
              <MethodPoint xsi:type="SequencePoint" vc="23" uspid="170" ordinal="0" offset="0" sl="24" sc="9" el="24" ec="48" bec="0" bev="0" fileid="10" />
            </Method>
            <Method visited="true" cyclomaticComplexity="1" nPathComplexity="0" sequenceCoverage="100" branchCoverage="100" isConstructor="false" isStatic="false" isGetter="false" isSetter="false">
              <Summary numSequencePoints="3" visitedSequencePoints="3" numBranchPoints="1" visitedBranchPoints="1" sequenceCoverage="100" branchCoverage="100" maxCyclomaticComplexity="1" minCyclomaticComplexity="1" visitedClasses="0" numClasses="0" visitedMethods="1" numMethods="1" />
              <MetadataToken>100663312</MetadataToken>
              <Name>System.String Common.Entry::ToString()</Name>
              <FileRef uid="10" />
              <SequencePoints>
                <SequencePoint vc="46" uspid="182" ordinal="0" offset="0" sl="74" sc="9" el="74" ec="10" bec="0" bev="0" fileid="10" />
                <SequencePoint vc="46" uspid="183" ordinal="1" offset="1" sl="75" sc="13" el="75" ec="85" bec="0" bev="0" fileid="10" />
                <SequencePoint vc="46" uspid="184" ordinal="2" offset="37" sl="76" sc="9" el="76" ec="10" bec="0" bev="0" fileid="10" />
              </SequencePoints>
              <BranchPoints />
              <MethodPoint xsi:type="SequencePoint" vc="46" uspid="182" ordinal="0" offset="0" sl="74" sc="9" el="74" ec="10" bec="0" bev="0" fileid="10" />
            </Method>
            <Method visited="true" cyclomaticComplexity="1" nPathComplexity="0" sequenceCoverage="100" branchCoverage="100" isConstructor="false" isStatic="false" isGetter="false" isSetter="false">
              <Summary numSequencePoints="4" visitedSequencePoints="4" numBranchPoints="1" visitedBranchPoints="1" sequenceCoverage="100" branchCoverage="100" maxCyclomaticComplexity="1" minCyclomaticComplexity="1" visitedClasses="0" numClasses="0" visitedMethods="1" numMethods="1" />
              <MetadataToken>100663313</MetadataToken>
              <Name>System.Boolean Common.Entry::Equals(System.Object)</Name>
              <FileRef uid="10" />
              <SequencePoints>
                <SequencePoint vc="276" uspid="185" ordinal="0" offset="0" sl="79" sc="9" el="79" ec="10" bec="0" bev="0" fileid="10" />
                <SequencePoint vc="276" uspid="186" ordinal="1" offset="1" sl="80" sc="13" el="80" ec="34" bec="0" bev="0" fileid="10" />
                <SequencePoint vc="276" uspid="187" ordinal="2" offset="8" sl="81" sc="13" el="81" ec="40" bec="0" bev="0" fileid="10" />
                <SequencePoint vc="276" uspid="188" ordinal="3" offset="28" sl="82" sc="9" el="82" ec="10" bec="0" bev="0" fileid="10" />
              </SequencePoints>
              <BranchPoints />
              <MethodPoint xsi:type="SequencePoint" vc="276" uspid="185" ordinal="0" offset="0" sl="79" sc="9" el="79" ec="10" bec="0" bev="0" fileid="10" />
            </Method>
            <Method visited="false" cyclomaticComplexity="1" nPathComplexity="0" sequenceCoverage="0" branchCoverage="0" isConstructor="false" isStatic="false" isGetter="false" isSetter="false">
              <Summary numSequencePoints="3" visitedSequencePoints="0" numBranchPoints="1" visitedBranchPoints="0" sequenceCoverage="0" branchCoverage="0" maxCyclomaticComplexity="1" minCyclomaticComplexity="1" visitedClasses="0" numClasses="0" visitedMethods="0" numMethods="1" />
              <MetadataToken>100663314</MetadataToken>
              <Name>System.Int32 Common.Entry::GetHashCode()</Name>
              <FileRef uid="10" />
              <SequencePoints>
                <SequencePoint vc="0" uspid="189" ordinal="0" offset="0" sl="85" sc="9" el="85" ec="10" bec="0" bev="0" fileid="10" />
                <SequencePoint vc="0" uspid="190" ordinal="1" offset="1" sl="86" sc="13" el="86" ec="39" bec="0" bev="0" fileid="10" />
                <SequencePoint vc="0" uspid="191" ordinal="2" offset="10" sl="87" sc="9" el="87" ec="10" bec="0" bev="0" fileid="10" />
              </SequencePoints>
              <BranchPoints />
              <MethodPoint xsi:type="SequencePoint" vc="0" uspid="189" ordinal="0" offset="0" sl="85" sc="9" el="85" ec="10" bec="0" bev="0" fileid="10" />
            </Method>
          </Methods>
        </Class>
        <Class>
          <Summary numSequencePoints="9" visitedSequencePoints="0" numBranchPoints="5" visitedBranchPoints="0" sequenceCoverage="0" branchCoverage="0" maxCyclomaticComplexity="1" minCyclomaticComplexity="1" visitedClasses="0" numClasses="1" visitedMethods="0" numMethods="5" />
          <FullName>Common.Region</FullName>
          <Methods>
            <Method visited="false" cyclomaticComplexity="1" nPathComplexity="0" sequenceCoverage="0" branchCoverage="0" isConstructor="false" isStatic="false" isGetter="true" isSetter="false">
              <Summary numSequencePoints="1" visitedSequencePoints="0" numBranchPoints="1" visitedBranchPoints="0" sequenceCoverage="0" branchCoverage="0" maxCyclomaticComplexity="1" minCyclomaticComplexity="1" visitedClasses="0" numClasses="0" visitedMethods="0" numMethods="1" />
              <MetadataToken>100663319</MetadataToken>
              <Name>System.String Common.Region::get_Id()</Name>
              <FileRef uid="11" />
              <SequencePoints>
                <SequencePoint vc="0" uspid="192" ordinal="0" offset="0" sl="11" sc="28" el="11" ec="32" bec="0" bev="0" fileid="11" />
              </SequencePoints>
              <BranchPoints />
              <MethodPoint xsi:type="SequencePoint" vc="0" uspid="192" ordinal="0" offset="0" sl="11" sc="28" el="11" ec="32" bec="0" bev="0" fileid="11" />
            </Method>
            <Method visited="false" cyclomaticComplexity="1" nPathComplexity="0" sequenceCoverage="0" branchCoverage="0" isConstructor="false" isStatic="false" isGetter="false" isSetter="true">
              <Summary numSequencePoints="1" visitedSequencePoints="0" numBranchPoints="1" visitedBranchPoints="0" sequenceCoverage="0" branchCoverage="0" maxCyclomaticComplexity="1" minCyclomaticComplexity="1" visitedClasses="0" numClasses="0" visitedMethods="0" numMethods="1" />
              <MetadataToken>100663320</MetadataToken>
              <Name>System.Void Common.Region::set_Id(System.String)</Name>
              <FileRef uid="11" />
              <SequencePoints>
                <SequencePoint vc="0" uspid="193" ordinal="0" offset="0" sl="11" sc="33" el="11" ec="37" bec="0" bev="0" fileid="11" />
              </SequencePoints>
              <BranchPoints />
              <MethodPoint xsi:type="SequencePoint" vc="0" uspid="193" ordinal="0" offset="0" sl="11" sc="33" el="11" ec="37" bec="0" bev="0" fileid="11" />
            </Method>
            <Method visited="false" cyclomaticComplexity="1" nPathComplexity="0" sequenceCoverage="0" branchCoverage="0" isConstructor="false" isStatic="false" isGetter="true" isSetter="false">
              <Summary numSequencePoints="1" visitedSequencePoints="0" numBranchPoints="1" visitedBranchPoints="0" sequenceCoverage="0" branchCoverage="0" maxCyclomaticComplexity="1" minCyclomaticComplexity="1" visitedClasses="0" numClasses="0" visitedMethods="0" numMethods="1" />
              <MetadataToken>100663321</MetadataToken>
              <Name>System.String Common.Region::get_Naziv()</Name>
              <FileRef uid="11" />
              <SequencePoints>
                <SequencePoint vc="0" uspid="194" ordinal="0" offset="0" sl="12" sc="31" el="12" ec="35" bec="0" bev="0" fileid="11" />
              </SequencePoints>
              <BranchPoints />
              <MethodPoint xsi:type="SequencePoint" vc="0" uspid="194" ordinal="0" offset="0" sl="12" sc="31" el="12" ec="35" bec="0" bev="0" fileid="11" />
            </Method>
            <Method visited="false" cyclomaticComplexity="1" nPathComplexity="0" sequenceCoverage="0" branchCoverage="0" isConstructor="false" isStatic="false" isGetter="false" isSetter="true">
              <Summary numSequencePoints="1" visitedSequencePoints="0" numBranchPoints="1" visitedBranchPoints="0" sequenceCoverage="0" branchCoverage="0" maxCyclomaticComplexity="1" minCyclomaticComplexity="1" visitedClasses="0" numClasses="0" visitedMethods="0" numMethods="1" />
              <MetadataToken>100663322</MetadataToken>
              <Name>System.Void Common.Region::set_Naziv(System.String)</Name>
              <FileRef uid="11" />
              <SequencePoints>
                <SequencePoint vc="0" uspid="195" ordinal="0" offset="0" sl="12" sc="36" el="12" ec="40" bec="0" bev="0" fileid="11" />
              </SequencePoints>
              <BranchPoints />
              <MethodPoint xsi:type="SequencePoint" vc="0" uspid="195" ordinal="0" offset="0" sl="12" sc="36" el="12" ec="40" bec="0" bev="0" fileid="11" />
            </Method>
            <Method visited="false" cyclomaticComplexity="1" nPathComplexity="0" sequenceCoverage="0" branchCoverage="0" isConstructor="true" isStatic="false" isGetter="false" isSetter="false">
              <Summary numSequencePoints="5" visitedSequencePoints="0" numBranchPoints="1" visitedBranchPoints="0" sequenceCoverage="0" branchCoverage="0" maxCyclomaticComplexity="1" minCyclomaticComplexity="1" visitedClasses="0" numClasses="0" visitedMethods="0" numMethods="1" />
              <MetadataToken>100663323</MetadataToken>
              <Name>System.Void Common.Region::.ctor()</Name>
              <FileRef uid="11" />
              <SequencePoints>
                <SequencePoint vc="0" uspid="196" ordinal="0" offset="0" sl="14" sc="9" el="14" ec="24" bec="0" bev="0" fileid="11" />
                <SequencePoint vc="0" uspid="197" ordinal="1" offset="7" sl="15" sc="9" el="15" ec="10" bec="0" bev="0" fileid="11" />
                <SequencePoint vc="0" uspid="198" ordinal="2" offset="8" sl="16" sc="13" el="16" ec="21" bec="0" bev="0" fileid="11" />
                <SequencePoint vc="0" uspid="199" ordinal="3" offset="20" sl="17" sc="13" el="17" ec="24" bec="0" bev="0" fileid="11" />
                <SequencePoint vc="0" uspid="200" ordinal="4" offset="32" sl="18" sc="9" el="18" ec="10" bec="0" bev="0" fileid="11" />
              </SequencePoints>
              <BranchPoints />
              <MethodPoint xsi:type="SequencePoint" vc="0" uspid="196" ordinal="0" offset="0" sl="14" sc="9" el="14" ec="24" bec="0" bev="0" fileid="11" />
            </Method>
          </Methods>
        </Class>
      </Classes>
    </Module>
    <Module skippedDueTo="MissingPdb" hash="12-3F-E3-10-D1-D0-35-93-2B-65-FA-C5-00-62-09-C4-DC-D6-92-BF">
      <ModulePath>C:\Users\Nikola\source\repos\RES_Projekat_12-49_v2\DataProxyRES\DataProxyTest\bin\Debug\EntityFramework.dll</ModulePath>
      <ModuleTime>2018-06-06T06:23:40.4724271Z</ModuleTime>
      <ModuleName>EntityFramework</ModuleName>
      <Classes />
    </Module>
    <Module skippedDueTo="Filter" hash="4D-D5-53-6D-75-45-E6-7E-9A-8A-6C-4F-9B-0C-BD-1E-6F-16-49-BA">
      <ModulePath>C:\WINDOWS\Microsoft.Net\assembly\GAC_MSIL\System.Core\v4.0_4.0.0.0__b77a5c561934e089\System.Core.dll</ModulePath>
      <ModuleTime>2018-04-27T02:15:13.8985881Z</ModuleTime>
      <ModuleName>System.Core</ModuleName>
      <Classes />
    </Module>
    <Module skippedDueTo="Filter" hash="25-EA-B4-E7-9E-31-63-5C-13-0D-58-D4-F5-C4-37-1D-82-C2-E8-77">
      <ModulePath>C:\WINDOWS\Microsoft.Net\assembly\GAC_MSIL\System\v4.0_4.0.0.0__b77a5c561934e089\System.dll</ModulePath>
      <ModuleTime>2018-04-11T23:35:18.1228576Z</ModuleTime>
      <ModuleName>System</ModuleName>
      <Classes />
    </Module>
    <Module skippedDueTo="Filter" hash="2A-F4-1C-14-5D-7A-74-B3-03-8B-1D-2A-59-DC-B6-BE-1D-C8-EF-54">
      <ModulePath>C:\WINDOWS\Microsoft.Net\assembly\GAC_MSIL\System.Configuration\v4.0_4.0.0.0__b03f5f7f11d50a3a\System.Configuration.dll</ModulePath>
      <ModuleTime>2018-04-11T23:35:16.9508953Z</ModuleTime>
      <ModuleName>System.Configuration</ModuleName>
      <Classes />
    </Module>
    <Module skippedDueTo="Filter" hash="F2-26-5B-FA-55-E9-5B-BC-DD-3A-32-56-2C-38-71-11-1A-8E-6D-32">
      <ModulePath>C:\WINDOWS\Microsoft.Net\assembly\GAC_MSIL\System.Xml\v4.0_4.0.0.0__b77a5c561934e089\System.Xml.dll</ModulePath>
      <ModuleTime>2018-04-11T23:35:17.0290261Z</ModuleTime>
      <ModuleName>System.Xml</ModuleName>
      <Classes />
    </Module>
    <Module skippedDueTo="Filter" hash="2E-FE-15-D7-3B-56-7F-BA-62-0C-E2-7D-98-31-4A-A3-F0-4B-49-8C">
      <ModulePath>C:\WINDOWS\Microsoft.Net\assembly\GAC_32\System.Data\v4.0_4.0.0.0__b77a5c561934e089\System.Data.dll</ModulePath>
      <ModuleTime>2018-04-11T23:35:24.8577477Z</ModuleTime>
      <ModuleName>System.Data</ModuleName>
      <Classes />
    </Module>
    <Module skippedDueTo="MissingPdb" hash="9D-8C-F0-38-93-AA-F9-80-7F-99-3F-48-55-49-21-AF-A0-81-85-9F">
      <ModulePath>C:\Users\Nikola\source\repos\RES_Projekat_12-49_v2\DataProxyRES\DataProxyTest\bin\Debug\EntityFramework.SqlServer.dll</ModulePath>
      <ModuleTime>2018-06-06T06:23:40.4034679Z</ModuleTime>
      <ModuleName>EntityFramework.SqlServer</ModuleName>
      <Classes />
    </Module>
    <Module skippedDueTo="MissingPdb" hash="">
      <ModulePath>RefEmit_InMemoryManifestModule</ModulePath>
      <ModuleTime>0001-01-01T00:00:00</ModuleTime>
      <ModuleName>Anonymously Hosted DynamicMethods Assembly</ModuleName>
      <Classes />
    </Module>
    <Module skippedDueTo="Filter" hash="91-54-8D-CC-10-D2-B7-94-62-D7-1A-77-5A-34-63-50-79-0C-01-7C">
      <ModulePath>C:\WINDOWS\Microsoft.Net\assembly\GAC_32\System.Transactions\v4.0_4.0.0.0__b77a5c561934e089\System.Transactions.dll</ModulePath>
      <ModuleTime>2018-04-11T23:35:24.7483643Z</ModuleTime>
      <ModuleName>System.Transactions</ModuleName>
      <Classes />
    </Module>
    <Module skippedDueTo="Filter" hash="CB-9A-69-FA-E9-A7-1D-79-EC-E4-45-7B-80-24-5F-0E-56-96-EA-D4">
      <ModulePath>C:\WINDOWS\Microsoft.Net\assembly\GAC_MSIL\System.Numerics\v4.0_4.0.0.0__b77a5c561934e089\System.Numerics.dll</ModulePath>
      <ModuleTime>2018-04-11T23:35:17.0446523Z</ModuleTime>
      <ModuleName>System.Numerics</ModuleName>
      <Classes />
    </Module>
    <Module skippedDueTo="Filter" hash="C1-1F-5B-51-E1-4D-F7-7B-E1-90-5C-2A-D0-D1-F3-A4-7D-AD-EF-AE">
      <ModulePath>C:\WINDOWS\Microsoft.Net\assembly\GAC_32\System.Data.OracleClient\v4.0_4.0.0.0__b77a5c561934e089\System.Data.OracleClient.dll</ModulePath>
      <ModuleTime>2018-04-11T23:35:24.9827583Z</ModuleTime>
      <ModuleName>System.Data.OracleClient</ModuleName>
      <Classes />
    </Module>
    <Module skippedDueTo="Filter" hash="B6-03-A2-FF-5E-7B-F5-92-A1-04-2D-8A-21-BA-7A-73-59-C3-FA-B2">
      <ModulePath>C:\WINDOWS\Microsoft.Net\assembly\GAC_MSIL\System.ComponentModel.DataAnnotations\v4.0_4.0.0.0__31bf3856ad364e35\System.ComponentModel.DataAnnotations.dll</ModulePath>
      <ModuleTime>2018-04-11T23:35:19.7011011Z</ModuleTime>
      <ModuleName>System.ComponentModel.DataAnnotations</ModuleName>
      <Classes />
    </Module>
    <Module skippedDueTo="Filter" hash="E8-AB-A2-C6-BC-93-2D-BB-31-94-BF-BD-FA-FE-6E-26-9C-E4-E3-BA">
      <ModulePath>C:\WINDOWS\Microsoft.Net\assembly\GAC_32\System.EnterpriseServices\v4.0_4.0.0.0__b03f5f7f11d50a3a\System.EnterpriseServices.dll</ModulePath>
      <ModuleTime>2018-04-11T23:35:24.8421219Z</ModuleTime>
      <ModuleName>System.EnterpriseServices</ModuleName>
      <Classes />
    </Module>
    <Module skippedDueTo="Filter" hash="EE-87-E3-8B-35-D7-7B-51-75-59-60-AC-9C-42-7D-75-33-40-43-72">
      <ModulePath>C:\WINDOWS\Microsoft.Net\assembly\GAC_MSIL\System.Xml.Linq\v4.0_4.0.0.0__b77a5c561934e089\System.Xml.Linq.dll</ModulePath>
      <ModuleTime>2018-04-11T23:35:18.3885028Z</ModuleTime>
      <ModuleName>System.Xml.Linq</ModuleName>
      <Classes />
    </Module>
    <Module skippedDueTo="Filter" hash="63-C3-95-84-38-D7-50-0B-8D-3D-01-13-98-A9-67-BF-88-9E-3C-E9">
      <ModulePath>C:\WINDOWS\Microsoft.Net\assembly\GAC_MSIL\System.Runtime.Serialization\v4.0_4.0.0.0__b77a5c561934e089\System.Runtime.Serialization.dll</ModulePath>
      <ModuleTime>2018-04-11T23:35:19.7948581Z</ModuleTime>
      <ModuleName>System.Runtime.Serialization</ModuleName>
      <Classes />
    </Module>
    <Module skippedDueTo="MissingPdb" hash="">
      <ModulePath>RefEmit_InMemoryManifestModule</ModulePath>
      <ModuleTime>0001-01-01T00:00:00</ModuleTime>
      <ModuleName>EntityFrameworkDynamicProxies-EntityFramework</ModuleName>
      <Classes />
    </Module>
    <Module skippedDueTo="MissingPdb" hash="">
      <ModulePath>RefEmit_InMemoryManifestModule</ModulePath>
      <ModuleTime>0001-01-01T00:00:00</ModuleTime>
      <ModuleName>EntityFrameworkDynamicProxies-Common</ModuleName>
      <Classes />
    </Module>
  </Modules>
</CoverageSession>